<?xml version="1.0" encoding="UTF-8"?>
<!-- Generated by org.testng.reporters.JUnitXMLReporter -->
<testsuite hostname="DESKTOP-T1HO9OQ" failures="0" tests="4" name="Test" time="0.013" errors="0" timestamp="14 Jul 2020 15:29:51 GMT">
  <testcase classname="MavenJava.SeleniumTest" name="BrowserAutomation" time="0.005"/>
  <testcase classname="MavenJava.SeleniumTest" name="uiElements" time="0.0"/>
  <testcase classname="MavenJava.TestTest" name="test1" time="0.0"/>
  <testcase classname="MavenJava.TestTest" name="test2" time="0.0"/>
</testsuite> <!-- Test -->
