<?xml version="1.0" encoding="UTF-8"?>
<testng-results total="4" passed="4" failed="0" skipped="0">
  <reporter-output>
  </reporter-output>
  <suite started-at="2020-07-14T15:29:51Z" name="Suite" finished-at="2020-07-14T15:29:51Z" duration-ms="13">
    <groups>
    </groups>
    <test started-at="2020-07-14T15:29:51Z" name="Test" finished-at="2020-07-14T15:29:51Z" duration-ms="13">
      <class name="MavenJava.SeleniumTest">
        <test-method signature="BrowserAutomation()[pri:0, instance:MavenJava.SeleniumTest@266374ef]" started-at="2020-07-14T17:29:51Z" name="BrowserAutomation" finished-at="2020-07-14T17:29:51Z" duration-ms="5" status="PASS">
          <reporter-output>
          </reporter-output>
        </test-method> <!-- BrowserAutomation -->
        <test-method signature="uiElements()[pri:0, instance:MavenJava.SeleniumTest@266374ef]" started-at="2020-07-14T17:29:51Z" name="uiElements" finished-at="2020-07-14T17:29:51Z" duration-ms="0" status="PASS">
          <reporter-output>
          </reporter-output>
        </test-method> <!-- uiElements -->
      </class> <!-- MavenJava.SeleniumTest -->
      <class name="MavenJava.TestTest">
        <test-method signature="test1()[pri:0, instance:MavenJava.TestTest@a82c5f1]" started-at="2020-07-14T17:29:51Z" name="test1" finished-at="2020-07-14T17:29:51Z" duration-ms="0" status="PASS">
          <reporter-output>
          </reporter-output>
        </test-method> <!-- test1 -->
        <test-method signature="test2()[pri:0, instance:MavenJava.TestTest@a82c5f1]" started-at="2020-07-14T17:29:51Z" name="test2" finished-at="2020-07-14T17:29:51Z" duration-ms="0" status="PASS">
          <reporter-output>
          </reporter-output>
        </test-method> <!-- test2 -->
      </class> <!-- MavenJava.TestTest -->
    </test> <!-- Test -->
  </suite> <!-- Suite -->
</testng-results>
