<?xml version="1.0" encoding="UTF-8"?>
<testsuite xmlns:xsi="http://www.w3.org/2001/XMLSchema-instance" xsi:noNamespaceSchemaLocation="https://maven.apache.org/surefire/maven-surefire-plugin/xsd/surefire-test-report-3.0.xsd" version="3.0" name="TestSuite" time="0.906" tests="4" errors="0" skipped="0" failures="0">
  <properties>
[...]
</properties>
  <testcase name="BrowserAutomation" classname="MavenJava.SeleniumTest" time="0.006">
    <system-out><![CDATA[browser automation
]]></system-out>
  </testcase>
  <testcase name="uiElements" classname="MavenJava.SeleniumTest" time="0.001">
    <system-out><![CDATA[euElements
]]></system-out>
  </testcase>
  <testcase name="test1" classname="MavenJava.TestTest" time="0.001">
    <system-out><![CDATA[test1
]]></system-out>
  </testcase>
  <testcase name="test2" classname="MavenJava.TestTest" time="0">
    <system-out><![CDATA[test2
]]></system-out>
  </testcase>
</testsuite>