<?xml version="1.0" encoding="UTF-8"?>
<testng-results ignored="0" total="2" passed="2" failed="0" skipped="0">
  <reporter-output>
  </reporter-output>
  <suite started-at="2020-07-14T17:00:16 CEST" name="Suite" finished-at="2020-07-14T17:00:16 CEST" duration-ms="34">
    <groups>
    </groups>
    <test started-at="2020-07-14T17:00:16 CEST" name="Test" finished-at="2020-07-14T17:00:16 CEST" duration-ms="34">
      <class name="MavenJava.SeleniumTest">
        <test-method signature="BrowserAutomation()[pri:0, instance:MavenJava.SeleniumTest@60bd273d]" started-at="2020-07-14T17:00:16 CEST" name="BrowserAutomation" finished-at="2020-07-14T17:00:16 CEST" duration-ms="6" status="PASS">
          <reporter-output>
          </reporter-output>
        </test-method> <!-- BrowserAutomation -->
        <test-method signature="uiElements()[pri:0, instance:MavenJava.SeleniumTest@60bd273d]" started-at="2020-07-14T17:00:16 CEST" name="uiElements" finished-at="2020-07-14T17:00:16 CEST" duration-ms="1" status="PASS">
          <reporter-output>
          </reporter-output>
        </test-method> <!-- uiElements -->
      </class> <!-- MavenJava.SeleniumTest -->
    </test> <!-- Test -->
  </suite> <!-- Suite -->
</testng-results>
